<?xml version="1.0" encoding="utf-8"?>
<test-run id="2" name="Inheritance.DataStructure.EXE" fullname="C:/source/Inheritance.DataStucture/Inheritance.DataStructure.csproj/bin/Debug/Inheritance.DataStructure.EXE" testcasecount="5" result="Passed" start-time="2018-01-24 19:22:54Z" end-time="2018-01-24 19:22:54Z" duration="0.214366" total="5" passed="5" failed="0" inconclusive="0" skipped="0" asserts="132" random-seed="282913500">
  <command-line><![CDATA["C:\source\Inheritance.DataStucture\Inheritance.DataStructure.csproj\bin\Debug\Inheritance.DataStructure.vshost.exe" ]]></command-line>
  <filter />
  <test-suite type="Assembly" id="1006" name="Inheritance.DataStructure.EXE" fullname="C:/source/Inheritance.DataStucture/Inheritance.DataStructure.csproj/bin/Debug/Inheritance.DataStructure.EXE" runstate="Runnable" testcasecount="5" result="Passed" start-time="2018-01-24 19:22:54Z" end-time="2018-01-24 19:22:54Z" duration="0.214366" total="5" passed="5" failed="0" warnings="0" inconclusive="0" skipped="0" asserts="132">
    <environment framework-version="3.6.0.0" clr-version="4.0.30319.42000" os-version="Microsoft Windows NT 6.2.9200.0" platform="Win32NT" cwd="C:\source\Inheritance.DataStucture\Inheritance.DataStructure.csproj\bin\Debug" machine-name="ART-ПК" user="Artem" user-domain="Art-ПК" culture="en-US" uiculture="en-US" os-architecture="x86" />
    <settings>
      <setting name="WorkDirectory" value="C:\source\Inheritance.DataStucture\Inheritance.DataStructure.csproj\bin\Debug" />
      <setting name="NumberOfTestWorkers" value="4" />
    </settings>
    <properties>
      <property name="_PID" value="10316" />
      <property name="_APPDOMAIN" value="Inheritance.DataStructure.vshost.exe" />
    </properties>
    <test-suite type="TestSuite" id="1007" name="Inheritance" fullname="Inheritance" runstate="Runnable" testcasecount="5" result="Passed" start-time="2018-01-24 19:22:54Z" end-time="2018-01-24 19:22:54Z" duration="0.185999" total="5" passed="5" failed="0" warnings="0" inconclusive="0" skipped="0" asserts="132">
      <test-suite type="TestSuite" id="1008" name="DataStructure" fullname="Inheritance.DataStructure" runstate="Runnable" testcasecount="5" result="Passed" start-time="2018-01-24 19:22:54Z" end-time="2018-01-24 19:22:54Z" duration="0.167435" total="5" passed="5" failed="0" warnings="0" inconclusive="0" skipped="0" asserts="132">
        <test-suite type="TestFixture" id="1000" name="Category_should" fullname="Inheritance.DataStructure.Category_should" classname="Inheritance.DataStructure.Category_should" runstate="Runnable" testcasecount="5" result="Passed" start-time="2018-01-24 19:22:54Z" end-time="2018-01-24 19:22:54Z" duration="0.157385" total="5" passed="5" failed="0" warnings="0" inconclusive="0" skipped="0" asserts="132">
          <test-case id="1002" name="ImplementCompareToCorrectly" fullname="Inheritance.DataStructure.Category_should.ImplementCompareToCorrectly" methodname="ImplementCompareToCorrectly" classname="Inheritance.DataStructure.Category_should" runstate="Runnable" seed="1955719571" result="Passed" start-time="2018-01-24 19:22:54Z" end-time="2018-01-24 19:22:54Z" duration="0.051471" asserts="17" />
          <test-case id="1001" name="ImplementEqualsCorrectly" fullname="Inheritance.DataStructure.Category_should.ImplementEqualsCorrectly" methodname="ImplementEqualsCorrectly" classname="Inheritance.DataStructure.Category_should" runstate="Runnable" seed="1994023627" result="Passed" start-time="2018-01-24 19:22:54Z" end-time="2018-01-24 19:22:54Z" duration="0.036804" asserts="17" />
          <test-case id="1004" name="ImplementIComparableInterface" fullname="Inheritance.DataStructure.Category_should.ImplementIComparableInterface" methodname="ImplementIComparableInterface" classname="Inheritance.DataStructure.Category_should" runstate="Runnable" seed="524628418" result="Passed" start-time="2018-01-24 19:22:54Z" end-time="2018-01-24 19:22:54Z" duration="0.000324" asserts="1" />
          <test-case id="1003" name="ImplementOperatorsCorrectly" fullname="Inheritance.DataStructure.Category_should.ImplementOperatorsCorrectly" methodname="ImplementOperatorsCorrectly" classname="Inheritance.DataStructure.Category_should" runstate="Runnable" seed="2037935944" result="Passed" start-time="2018-01-24 19:22:54Z" end-time="2018-01-24 19:22:54Z" duration="0.003622" asserts="96" />
          <test-case id="1005" name="ImplementToStringCorrectly" fullname="Inheritance.DataStructure.Category_should.ImplementToStringCorrectly" methodname="ImplementToStringCorrectly" classname="Inheritance.DataStructure.Category_should" runstate="Runnable" seed="1440983154" result="Passed" start-time="2018-01-24 19:22:54Z" end-time="2018-01-24 19:22:54Z" duration="0.001274" asserts="1" />
        </test-suite>
      </test-suite>
    </test-suite>
  </test-suite>
</test-run>